

times in msec
 clock   self+sourced   self:  sourced script
 clock   elapsed:              other lines

000.020  000.020: --- NVIM STARTING ---
000.853  000.833: locale set
001.734  000.881: inits 1
001.776  000.042: window checked
013.375  011.599: parsing arguments
013.779  000.403: expanding arguments
013.847  000.068: inits 2
015.509  001.662: init highlight
015.525  000.016: waiting for UI
019.472  003.947: done waiting for UI
019.618  000.146: init screen for UI
019.713  000.096: init default mappings
020.168  000.455: init default autocommands
020.452  000.053  000.053: sourcing /usr/share/nvim/archlinux.vim
020.474  000.199  000.146: sourcing /etc/xdg/nvim/sysinit.vim
038.918  018.341  018.341: sourcing /home/bee/.config/nvim/init.lua
038.950  000.243: sourcing vimrc file(s)
064.005  000.058  000.058: sourcing /home/bee/.local/share/nvim/site/pack/packer/start/nvim-treesitter/ftdetect/fusion.vim
064.143  000.060  000.060: sourcing /home/bee/.local/share/nvim/site/pack/packer/start/nvim-treesitter/ftdetect/gdresource.vim
064.242  000.043  000.043: sourcing /home/bee/.local/share/nvim/site/pack/packer/start/nvim-treesitter/ftdetect/gdscript.vim
064.327  000.034  000.034: sourcing /home/bee/.local/share/nvim/site/pack/packer/start/nvim-treesitter/ftdetect/glimmer.vim
064.425  000.042  000.042: sourcing /home/bee/.local/share/nvim/site/pack/packer/start/nvim-treesitter/ftdetect/glsl.vim
064.518  000.037  000.037: sourcing /home/bee/.local/share/nvim/site/pack/packer/start/nvim-treesitter/ftdetect/gowork.vim
064.633  000.059  000.059: sourcing /home/bee/.local/share/nvim/site/pack/packer/start/nvim-treesitter/ftdetect/graphql.vim
064.741  000.052  000.052: sourcing /home/bee/.local/share/nvim/site/pack/packer/start/nvim-treesitter/ftdetect/hack.vim
064.866  000.067  000.067: sourcing /home/bee/.local/share/nvim/site/pack/packer/start/nvim-treesitter/ftdetect/hcl.vim
064.989  000.044  000.044: sourcing /home/bee/.local/share/nvim/site/pack/packer/start/nvim-treesitter/ftdetect/heex.vim
065.085  000.036  000.036: sourcing /home/bee/.local/share/nvim/site/pack/packer/start/nvim-treesitter/ftdetect/hjson.vim
065.186  000.043  000.043: sourcing /home/bee/.local/share/nvim/site/pack/packer/start/nvim-treesitter/ftdetect/json5.vim
065.299  000.062  000.062: sourcing /home/bee/.local/share/nvim/site/pack/packer/start/nvim-treesitter/ftdetect/ledger.vim
065.392  000.036  000.036: sourcing /home/bee/.local/share/nvim/site/pack/packer/start/nvim-treesitter/ftdetect/nix.vim
065.490  000.042  000.042: sourcing /home/bee/.local/share/nvim/site/pack/packer/start/nvim-treesitter/ftdetect/prisma.vim
065.579  000.035  000.035: sourcing /home/bee/.local/share/nvim/site/pack/packer/start/nvim-treesitter/ftdetect/pug.vim
065.681  000.046  000.046: sourcing /home/bee/.local/share/nvim/site/pack/packer/start/nvim-treesitter/ftdetect/ql.vim
065.817  000.081  000.081: sourcing /home/bee/.local/share/nvim/site/pack/packer/start/nvim-treesitter/ftdetect/query.vim
065.927  000.055  000.055: sourcing /home/bee/.local/share/nvim/site/pack/packer/start/nvim-treesitter/ftdetect/surface.vim
066.019  000.042  000.042: sourcing /home/bee/.local/share/nvim/site/pack/packer/start/nvim-treesitter/ftdetect/teal.vim
066.108  000.034  000.034: sourcing /home/bee/.local/share/nvim/site/pack/packer/start/nvim-treesitter/ftdetect/tlaplus.vim
066.201  000.036  000.036: sourcing /home/bee/.local/share/nvim/site/pack/packer/start/nvim-treesitter/ftdetect/yang.vim
066.914  000.063  000.063: sourcing /usr/share/vim/vimfiles/ftdetect/conkyrc.vim
067.042  000.077  000.077: sourcing /usr/share/vim/vimfiles/ftdetect/meson.vim
069.092  000.145  000.145: sourcing /home/bee/.local/share/nvim/site/pack/packer/start/nvim-treesitter/autoload/nvim_treesitter.vim
082.783  043.295  041.967: sourcing /usr/share/nvim/runtime/filetype.vim
083.952  000.176  000.176: sourcing /usr/share/nvim/runtime/ftplugin.vim
084.756  000.109  000.109: sourcing /usr/share/nvim/runtime/indent.vim
085.855  000.274  000.274: sourcing /usr/share/nvim/runtime/syntax/synload.vim
086.161  001.163  000.889: sourcing /usr/share/nvim/runtime/syntax/syntax.vim
091.251  001.150  001.150: sourcing /usr/share/nvim/runtime/plugin/gzip.vim
091.374  000.046  000.046: sourcing /usr/share/nvim/runtime/plugin/health.vim
091.879  000.449  000.449: sourcing /usr/share/nvim/runtime/plugin/man.vim
093.534  000.727  000.727: sourcing /usr/share/nvim/runtime/pack/dist/opt/matchit/plugin/matchit.vim
093.893  001.956  001.229: sourcing /usr/share/nvim/runtime/plugin/matchit.vim
094.462  000.507  000.507: sourcing /usr/share/nvim/runtime/plugin/matchparen.vim
096.084  001.558  001.558: sourcing /usr/share/nvim/runtime/plugin/netrwPlugin.vim
097.052  000.048  000.048: sourcing /home/bee/.local/share/nvim/rplugin.vim
097.085  000.879  000.832: sourcing /usr/share/nvim/runtime/plugin/rplugin.vim
097.689  000.489  000.489: sourcing /usr/share/nvim/runtime/plugin/shada.vim
097.975  000.121  000.121: sourcing /usr/share/nvim/runtime/plugin/spellfile.vim
098.714  000.604  000.604: sourcing /usr/share/nvim/runtime/plugin/tarPlugin.vim
099.120  000.298  000.298: sourcing /usr/share/nvim/runtime/plugin/tohtml.vim
099.270  000.068  000.068: sourcing /usr/share/nvim/runtime/plugin/tutor.vim
100.106  000.762  000.762: sourcing /usr/share/nvim/runtime/plugin/zipPlugin.vim
237.175  006.545  006.545: sourcing /home/bee/.local/share/nvim/site/pack/packer/start/material.nvim/colors/material.vim
264.553  164.096  157.551: sourcing /home/bee/.config/nvim/plugin/packer_compiled.lua
264.869  008.192: loading rtp plugins
265.669  000.107  000.107: sourcing /home/bee/.local/share/nvim/site/pack/packer/start/bufdelete.nvim/plugin/bufdelete.vim
266.937  000.730  000.730: sourcing /home/bee/.local/share/nvim/site/pack/packer/start/indent-blankline.nvim/plugin/indent_blankline.vim
268.677  001.367  001.367: sourcing /home/bee/.local/share/nvim/site/pack/packer/start/nvim-cmp/plugin/cmp.lua
268.870  000.055  000.055: sourcing /home/bee/.local/share/nvim/site/pack/packer/start/nvim-colorizer.lua/plugin/colorizer.vim
269.230  000.202  000.202: sourcing /home/bee/.local/share/nvim/site/pack/packer/start/nvim-lspconfig/plugin/lspconfig.vim
270.155  000.733  000.733: sourcing /home/bee/.local/share/nvim/site/pack/packer/start/nvim-treesitter/plugin/nvim-treesitter.vim
270.397  000.057  000.057: sourcing /home/bee/.local/share/nvim/site/pack/packer/start/nvim-web-devicons/plugin/nvim-web-devicons.vim
270.638  000.057  000.057: sourcing /home/bee/.local/share/nvim/site/pack/packer/start/plenary.nvim/plugin/plenary.vim
271.169  000.345  000.345: sourcing /home/bee/.local/share/nvim/site/pack/packer/start/rooter.nvim/plugin/rooter_nvim.lua
271.537  000.221  000.221: sourcing /home/bee/.local/share/nvim/site/pack/packer/start/telescope.nvim/plugin/telescope.vim
272.255  000.526  000.526: sourcing /home/bee/.local/share/nvim/site/pack/packer/start/vim-surround/plugin/surround.vim
273.747  000.338  000.338: sourcing /home/bee/.local/share/nvim/site/pack/packer/start/vim-vsnip/autoload/vital/vsnip.vim
274.263  000.122  000.122: sourcing /home/bee/.local/share/nvim/site/pack/packer/start/vim-vsnip/autoload/vital/_vsnip/VS/LSP/Position.vim
274.546  000.032  000.032: sourcing /home/bee/.local/share/nvim/site/pack/packer/start/vim-vsnip/autoload/vital/_vsnip.vim
274.966  001.796  001.304: sourcing /home/bee/.local/share/nvim/site/pack/packer/start/vim-vsnip/autoload/vsnip/snippet.vim
275.502  000.167  000.167: sourcing /home/bee/.local/share/nvim/site/pack/packer/start/vim-vsnip/autoload/vital/_vsnip/VS/LSP/TextEdit.vim
276.024  000.079  000.079: sourcing /home/bee/.local/share/nvim/site/pack/packer/start/vim-vsnip/autoload/vital/_vsnip/VS/LSP/Text.vim
276.675  000.153  000.153: sourcing /home/bee/.local/share/nvim/site/pack/packer/start/vim-vsnip/autoload/vital/_vsnip/VS/Vim/Buffer.vim
277.222  000.068  000.068: sourcing /home/bee/.local/share/nvim/site/pack/packer/start/vim-vsnip/autoload/vital/_vsnip/VS/Vim/Option.vim
277.928  000.187  000.187: sourcing /home/bee/.local/share/nvim/site/pack/packer/start/vim-vsnip/autoload/vital/_vsnip/VS/LSP/Diff.vim
278.208  005.269  002.819: sourcing /home/bee/.local/share/nvim/site/pack/packer/start/vim-vsnip/autoload/vsnip/session.vim
278.491  005.795  000.526: sourcing /home/bee/.local/share/nvim/site/pack/packer/start/vim-vsnip/autoload/vsnip.vim
279.190  006.745  000.950: sourcing /home/bee/.local/share/nvim/site/pack/packer/start/vim-vsnip/plugin/vsnip.vim
279.513  000.137  000.137: sourcing /home/bee/.local/share/nvim/site/pack/packer/start/vim-vsnip-integ/plugin/vsnip_integ.vim
279.711  003.559: loading packages
280.492  000.295  000.295: sourcing /home/bee/.local/share/nvim/site/pack/packer/start/cmp-vsnip/after/plugin/cmp_vsnip.vim
280.913  000.043  000.043: sourcing /home/bee/.local/share/nvim/site/pack/packer/start/vim-vsnip-integ/autoload/vsnip_integ/integration.vim
281.299  000.121  000.121: sourcing /home/bee/.local/share/nvim/site/pack/packer/start/vim-vsnip-integ/autoload/vsnip_integ/detection.vim
282.576  001.966  001.802: sourcing /home/bee/.local/share/nvim/site/pack/packer/start/vim-vsnip-integ/after/plugin/vsnip_integ.vim
283.495  000.813  000.813: sourcing /home/bee/.local/share/nvim/site/pack/packer/start/cmp-buffer/after/plugin/cmp_buffer.lua
283.862  000.245  000.245: sourcing /home/bee/.local/share/nvim/site/pack/packer/start/cmp-calc/after/plugin/cmp_calc.lua
284.326  000.329  000.329: sourcing /home/bee/.local/share/nvim/site/pack/packer/start/cmp-cmdline/after/plugin/cmp_cmdline.lua
284.614  000.172  000.172: sourcing /home/bee/.local/share/nvim/site/pack/packer/start/cmp-emoji/after/plugin/cmp_emoji.lua
285.102  000.389  000.389: sourcing /home/bee/.local/share/nvim/site/pack/packer/start/cmp-look/after/plugin/cmp_look.lua
285.716  000.499  000.499: sourcing /home/bee/.local/share/nvim/site/pack/packer/start/cmp-nvim-lsp/after/plugin/cmp_nvim_lsp.lua
286.070  000.245  000.245: sourcing /home/bee/.local/share/nvim/site/pack/packer/start/cmp-nvim-lua/after/plugin/cmp_nvim_lua.lua
286.588  000.409  000.409: sourcing /home/bee/.local/share/nvim/site/pack/packer/start/cmp-path/after/plugin/cmp_path.lua
286.909  000.211  000.211: sourcing /home/bee/.local/share/nvim/site/pack/packer/start/cmp-spell/after/plugin/cmp-spell.lua
287.036  001.753: loading after plugins
287.062  000.026: inits 3
289.980  002.917: reading ShaDa
290.573  000.593: opening buffers
291.048  000.475: BufEnter autocommands
291.054  000.006: editing files in windows


times in msec
 clock   self+sourced   self:  sourced script
 clock   elapsed:              other lines

000.022  000.022: --- NVIM STARTING ---
000.891  000.869: locale set
001.781  000.889: inits 1
001.824  000.044: window checked
017.782  015.958: parsing arguments
018.286  000.504: expanding arguments
018.356  000.070: inits 2
019.929  001.573: init highlight
019.936  000.007: waiting for UI
022.492  002.555: done waiting for UI
022.621  000.129: init screen for UI
022.719  000.099: init default mappings
023.192  000.473: init default autocommands
023.650  000.071  000.071: sourcing /usr/share/nvim/archlinux.vim
023.680  000.361  000.290: sourcing /etc/xdg/nvim/sysinit.vim
045.527  021.701  021.701: sourcing /home/bee/.config/nvim/init.lua
045.560  000.305: sourcing vimrc file(s)
066.393  000.064  000.064: sourcing /home/bee/.local/share/nvim/site/pack/packer/start/nvim-treesitter/ftdetect/fusion.vim
066.523  000.060  000.060: sourcing /home/bee/.local/share/nvim/site/pack/packer/start/nvim-treesitter/ftdetect/gdresource.vim
066.623  000.042  000.042: sourcing /home/bee/.local/share/nvim/site/pack/packer/start/nvim-treesitter/ftdetect/gdscript.vim
066.712  000.035  000.035: sourcing /home/bee/.local/share/nvim/site/pack/packer/start/nvim-treesitter/ftdetect/glimmer.vim
066.814  000.042  000.042: sourcing /home/bee/.local/share/nvim/site/pack/packer/start/nvim-treesitter/ftdetect/glsl.vim
066.908  000.037  000.037: sourcing /home/bee/.local/share/nvim/site/pack/packer/start/nvim-treesitter/ftdetect/gowork.vim
067.029  000.064  000.064: sourcing /home/bee/.local/share/nvim/site/pack/packer/start/nvim-treesitter/ftdetect/graphql.vim
067.251  000.164  000.164: sourcing /home/bee/.local/share/nvim/site/pack/packer/start/nvim-treesitter/ftdetect/hack.vim
067.391  000.068  000.068: sourcing /home/bee/.local/share/nvim/site/pack/packer/start/nvim-treesitter/ftdetect/hcl.vim
067.493  000.042  000.042: sourcing /home/bee/.local/share/nvim/site/pack/packer/start/nvim-treesitter/ftdetect/heex.vim
067.585  000.035  000.035: sourcing /home/bee/.local/share/nvim/site/pack/packer/start/nvim-treesitter/ftdetect/hjson.vim
067.687  000.043  000.043: sourcing /home/bee/.local/share/nvim/site/pack/packer/start/nvim-treesitter/ftdetect/json5.vim
067.800  000.055  000.055: sourcing /home/bee/.local/share/nvim/site/pack/packer/start/nvim-treesitter/ftdetect/ledger.vim
067.896  000.038  000.038: sourcing /home/bee/.local/share/nvim/site/pack/packer/start/nvim-treesitter/ftdetect/nix.vim
068.001  000.043  000.043: sourcing /home/bee/.local/share/nvim/site/pack/packer/start/nvim-treesitter/ftdetect/prisma.vim
068.094  000.035  000.035: sourcing /home/bee/.local/share/nvim/site/pack/packer/start/nvim-treesitter/ftdetect/pug.vim
068.205  000.054  000.054: sourcing /home/bee/.local/share/nvim/site/pack/packer/start/nvim-treesitter/ftdetect/ql.vim
068.339  000.080  000.080: sourcing /home/bee/.local/share/nvim/site/pack/packer/start/nvim-treesitter/ftdetect/query.vim
068.451  000.050  000.050: sourcing /home/bee/.local/share/nvim/site/pack/packer/start/nvim-treesitter/ftdetect/surface.vim
068.547  000.044  000.044: sourcing /home/bee/.local/share/nvim/site/pack/packer/start/nvim-treesitter/ftdetect/teal.vim
068.642  000.036  000.036: sourcing /home/bee/.local/share/nvim/site/pack/packer/start/nvim-treesitter/ftdetect/tlaplus.vim
068.739  000.038  000.038: sourcing /home/bee/.local/share/nvim/site/pack/packer/start/nvim-treesitter/ftdetect/yang.vim
069.438  000.062  000.062: sourcing /usr/share/vim/vimfiles/ftdetect/conkyrc.vim
069.573  000.076  000.076: sourcing /usr/share/vim/vimfiles/ftdetect/meson.vim
071.320  000.109  000.109: sourcing /home/bee/.local/share/nvim/site/pack/packer/start/nvim-treesitter/autoload/nvim_treesitter.vim
084.360  038.137  036.721: sourcing /usr/share/nvim/runtime/filetype.vim
085.285  000.152  000.152: sourcing /usr/share/nvim/runtime/ftplugin.vim
086.106  000.143  000.143: sourcing /usr/share/nvim/runtime/indent.vim
087.310  000.290  000.290: sourcing /usr/share/nvim/runtime/syntax/synload.vim
087.614  001.249  000.959: sourcing /usr/share/nvim/runtime/syntax/syntax.vim
092.176  001.011  001.011: sourcing /usr/share/nvim/runtime/plugin/gzip.vim
092.294  000.041  000.041: sourcing /usr/share/nvim/runtime/plugin/health.vim
092.763  000.408  000.408: sourcing /usr/share/nvim/runtime/plugin/man.vim
094.466  000.691  000.691: sourcing /usr/share/nvim/runtime/pack/dist/opt/matchit/plugin/matchit.vim
094.828  001.993  001.302: sourcing /usr/share/nvim/runtime/plugin/matchit.vim
095.510  000.620  000.620: sourcing /usr/share/nvim/runtime/plugin/matchparen.vim
097.179  001.597  001.597: sourcing /usr/share/nvim/runtime/plugin/netrwPlugin.vim
097.813  000.039  000.039: sourcing /home/bee/.local/share/nvim/rplugin.vim
097.841  000.539  000.500: sourcing /usr/share/nvim/runtime/plugin/rplugin.vim
098.386  000.469  000.469: sourcing /usr/share/nvim/runtime/plugin/shada.vim
098.627  000.100  000.100: sourcing /usr/share/nvim/runtime/plugin/spellfile.vim
099.331  000.614  000.614: sourcing /usr/share/nvim/runtime/plugin/tarPlugin.vim
099.734  000.298  000.298: sourcing /usr/share/nvim/runtime/plugin/tohtml.vim
099.883  000.066  000.066: sourcing /usr/share/nvim/runtime/plugin/tutor.vim
100.643  000.685  000.685: sourcing /usr/share/nvim/runtime/plugin/zipPlugin.vim
220.115  005.621  005.621: sourcing /home/bee/.local/share/nvim/site/pack/packer/start/material.nvim/colors/material.vim
265.053  163.973  158.352: sourcing /home/bee/.config/nvim/plugin/packer_compiled.lua
265.355  007.703: loading rtp plugins
266.178  000.107  000.107: sourcing /home/bee/.local/share/nvim/site/pack/packer/start/bufdelete.nvim/plugin/bufdelete.vim
267.399  000.677  000.677: sourcing /home/bee/.local/share/nvim/site/pack/packer/start/indent-blankline.nvim/plugin/indent_blankline.vim
268.954  001.178  001.178: sourcing /home/bee/.local/share/nvim/site/pack/packer/start/nvim-cmp/plugin/cmp.lua
269.139  000.055  000.055: sourcing /home/bee/.local/share/nvim/site/pack/packer/start/nvim-colorizer.lua/plugin/colorizer.vim
269.428  000.129  000.129: sourcing /home/bee/.local/share/nvim/site/pack/packer/start/nvim-lspconfig/plugin/lspconfig.vim
270.669  000.982  000.982: sourcing /home/bee/.local/share/nvim/site/pack/packer/start/nvim-treesitter/plugin/nvim-treesitter.vim
270.914  000.055  000.055: sourcing /home/bee/.local/share/nvim/site/pack/packer/start/nvim-web-devicons/plugin/nvim-web-devicons.vim
271.210  000.113  000.113: sourcing /home/bee/.local/share/nvim/site/pack/packer/start/plenary.nvim/plugin/plenary.vim
271.772  000.367  000.367: sourcing /home/bee/.local/share/nvim/site/pack/packer/start/rooter.nvim/plugin/rooter_nvim.lua
272.153  000.233  000.233: sourcing /home/bee/.local/share/nvim/site/pack/packer/start/telescope.nvim/plugin/telescope.vim
272.879  000.526  000.526: sourcing /home/bee/.local/share/nvim/site/pack/packer/start/vim-surround/plugin/surround.vim
274.392  000.342  000.342: sourcing /home/bee/.local/share/nvim/site/pack/packer/start/vim-vsnip/autoload/vital/vsnip.vim
274.905  000.114  000.114: sourcing /home/bee/.local/share/nvim/site/pack/packer/start/vim-vsnip/autoload/vital/_vsnip/VS/LSP/Position.vim
275.187  000.035  000.035: sourcing /home/bee/.local/share/nvim/site/pack/packer/start/vim-vsnip/autoload/vital/_vsnip.vim
275.614  001.814  001.323: sourcing /home/bee/.local/share/nvim/site/pack/packer/start/vim-vsnip/autoload/vsnip/snippet.vim
276.165  000.167  000.167: sourcing /home/bee/.local/share/nvim/site/pack/packer/start/vim-vsnip/autoload/vital/_vsnip/VS/LSP/TextEdit.vim
276.745  000.087  000.087: sourcing /home/bee/.local/share/nvim/site/pack/packer/start/vim-vsnip/autoload/vital/_vsnip/VS/LSP/Text.vim
277.384  000.154  000.154: sourcing /home/bee/.local/share/nvim/site/pack/packer/start/vim-vsnip/autoload/vital/_vsnip/VS/Vim/Buffer.vim
277.927  000.069  000.069: sourcing /home/bee/.local/share/nvim/site/pack/packer/start/vim-vsnip/autoload/vital/_vsnip/VS/Vim/Option.vim
278.702  000.186  000.186: sourcing /home/bee/.local/share/nvim/site/pack/packer/start/vim-vsnip/autoload/vital/_vsnip/VS/LSP/Diff.vim
278.992  005.425  002.948: sourcing /home/bee/.local/share/nvim/site/pack/packer/start/vim-vsnip/autoload/vsnip/session.vim
279.280  005.955  000.531: sourcing /home/bee/.local/share/nvim/site/pack/packer/start/vim-vsnip/autoload/vsnip.vim
279.908  006.838  000.883: sourcing /home/bee/.local/share/nvim/site/pack/packer/start/vim-vsnip/plugin/vsnip.vim
280.245  000.142  000.142: sourcing /home/bee/.local/share/nvim/site/pack/packer/start/vim-vsnip-integ/plugin/vsnip_integ.vim
280.448  003.691: loading packages
281.220  000.268  000.268: sourcing /home/bee/.local/share/nvim/site/pack/packer/start/cmp-vsnip/after/plugin/cmp_vsnip.vim
281.639  000.043  000.043: sourcing /home/bee/.local/share/nvim/site/pack/packer/start/vim-vsnip-integ/autoload/vsnip_integ/integration.vim
282.027  000.121  000.121: sourcing /home/bee/.local/share/nvim/site/pack/packer/start/vim-vsnip-integ/autoload/vsnip_integ/detection.vim
283.327  001.991  001.828: sourcing /home/bee/.local/share/nvim/site/pack/packer/start/vim-vsnip-integ/after/plugin/vsnip_integ.vim
284.277  000.844  000.844: sourcing /home/bee/.local/share/nvim/site/pack/packer/start/cmp-buffer/after/plugin/cmp_buffer.lua
284.677  000.282  000.282: sourcing /home/bee/.local/share/nvim/site/pack/packer/start/cmp-calc/after/plugin/cmp_calc.lua
285.127  000.340  000.340: sourcing /home/bee/.local/share/nvim/site/pack/packer/start/cmp-cmdline/after/plugin/cmp_cmdline.lua
285.529  000.197  000.197: sourcing /home/bee/.local/share/nvim/site/pack/packer/start/cmp-emoji/after/plugin/cmp_emoji.lua
285.996  000.363  000.363: sourcing /home/bee/.local/share/nvim/site/pack/packer/start/cmp-look/after/plugin/cmp_look.lua
286.648  000.539  000.539: sourcing /home/bee/.local/share/nvim/site/pack/packer/start/cmp-nvim-lsp/after/plugin/cmp_nvim_lsp.lua
287.122  000.343  000.343: sourcing /home/bee/.local/share/nvim/site/pack/packer/start/cmp-nvim-lua/after/plugin/cmp_nvim_lua.lua
287.735  000.485  000.485: sourcing /home/bee/.local/share/nvim/site/pack/packer/start/cmp-path/after/plugin/cmp_path.lua
288.215  000.303  000.303: sourcing /home/bee/.local/share/nvim/site/pack/packer/start/cmp-spell/after/plugin/cmp-spell.lua
288.385  001.984: loading after plugins
288.415  000.030: inits 3
291.385  002.970: reading ShaDa
292.036  000.651: opening buffers
292.728  000.692: BufEnter autocommands
292.734  000.006: editing files in windows


times in msec
 clock   self+sourced   self:  sourced script
 clock   elapsed:              other lines

000.036  000.036: --- NVIM STARTING ---
000.995  000.959: locale set
001.881  000.885: inits 1
001.925  000.044: window checked
013.513  011.588: parsing arguments
013.930  000.416: expanding arguments
014.014  000.084: inits 2
015.505  001.491: init highlight
015.512  000.007: waiting for UI
017.362  001.849: done waiting for UI
017.403  000.042: init screen for UI
017.469  000.065: init default mappings
017.735  000.266: init default autocommands
017.927  000.040  000.040: sourcing /usr/share/nvim/archlinux.vim
017.943  000.140  000.100: sourcing /etc/xdg/nvim/sysinit.vim
042.940  024.926  024.926: sourcing /home/bee/.config/nvim/init.lua
042.983  000.183: sourcing vimrc file(s)
065.117  000.065  000.065: sourcing /home/bee/.local/share/nvim/site/pack/packer/start/nvim-treesitter/ftdetect/fusion.vim
065.247  000.059  000.059: sourcing /home/bee/.local/share/nvim/site/pack/packer/start/nvim-treesitter/ftdetect/gdresource.vim
065.346  000.043  000.043: sourcing /home/bee/.local/share/nvim/site/pack/packer/start/nvim-treesitter/ftdetect/gdscript.vim
065.432  000.033  000.033: sourcing /home/bee/.local/share/nvim/site/pack/packer/start/nvim-treesitter/ftdetect/glimmer.vim
065.531  000.042  000.042: sourcing /home/bee/.local/share/nvim/site/pack/packer/start/nvim-treesitter/ftdetect/glsl.vim
065.624  000.036  000.036: sourcing /home/bee/.local/share/nvim/site/pack/packer/start/nvim-treesitter/ftdetect/gowork.vim
065.748  000.067  000.067: sourcing /home/bee/.local/share/nvim/site/pack/packer/start/nvim-treesitter/ftdetect/graphql.vim
065.849  000.044  000.044: sourcing /home/bee/.local/share/nvim/site/pack/packer/start/nvim-treesitter/ftdetect/hack.vim
065.997  000.065  000.065: sourcing /home/bee/.local/share/nvim/site/pack/packer/start/nvim-treesitter/ftdetect/hcl.vim
066.097  000.039  000.039: sourcing /home/bee/.local/share/nvim/site/pack/packer/start/nvim-treesitter/ftdetect/heex.vim
066.186  000.033  000.033: sourcing /home/bee/.local/share/nvim/site/pack/packer/start/nvim-treesitter/ftdetect/hjson.vim
066.288  000.045  000.045: sourcing /home/bee/.local/share/nvim/site/pack/packer/start/nvim-treesitter/ftdetect/json5.vim
066.394  000.055  000.055: sourcing /home/bee/.local/share/nvim/site/pack/packer/start/nvim-treesitter/ftdetect/ledger.vim
066.487  000.036  000.036: sourcing /home/bee/.local/share/nvim/site/pack/packer/start/nvim-treesitter/ftdetect/nix.vim
066.586  000.042  000.042: sourcing /home/bee/.local/share/nvim/site/pack/packer/start/nvim-treesitter/ftdetect/prisma.vim
066.677  000.036  000.036: sourcing /home/bee/.local/share/nvim/site/pack/packer/start/nvim-treesitter/ftdetect/pug.vim
066.787  000.053  000.053: sourcing /home/bee/.local/share/nvim/site/pack/packer/start/nvim-treesitter/ftdetect/ql.vim
066.941  000.097  000.097: sourcing /home/bee/.local/share/nvim/site/pack/packer/start/nvim-treesitter/ftdetect/query.vim
067.053  000.044  000.044: sourcing /home/bee/.local/share/nvim/site/pack/packer/start/nvim-treesitter/ftdetect/surface.vim
067.144  000.038  000.038: sourcing /home/bee/.local/share/nvim/site/pack/packer/start/nvim-treesitter/ftdetect/teal.vim
067.233  000.032  000.032: sourcing /home/bee/.local/share/nvim/site/pack/packer/start/nvim-treesitter/ftdetect/tlaplus.vim
067.324  000.034  000.034: sourcing /home/bee/.local/share/nvim/site/pack/packer/start/nvim-treesitter/ftdetect/yang.vim
068.029  000.080  000.080: sourcing /usr/share/vim/vimfiles/ftdetect/conkyrc.vim
068.160  000.072  000.072: sourcing /usr/share/vim/vimfiles/ftdetect/meson.vim
070.762  000.169  000.169: sourcing /home/bee/.local/share/nvim/site/pack/packer/start/nvim-treesitter/autoload/nvim_treesitter.vim
086.075  042.453  041.093: sourcing /usr/share/nvim/runtime/filetype.vim
086.941  000.189  000.189: sourcing /usr/share/nvim/runtime/ftplugin.vim
087.692  000.110  000.110: sourcing /usr/share/nvim/runtime/indent.vim
088.785  000.275  000.275: sourcing /usr/share/nvim/runtime/syntax/synload.vim
089.071  001.134  000.859: sourcing /usr/share/nvim/runtime/syntax/syntax.vim
094.198  001.085  001.085: sourcing /usr/share/nvim/runtime/plugin/gzip.vim
094.338  000.053  000.053: sourcing /usr/share/nvim/runtime/plugin/health.vim
094.884  000.458  000.458: sourcing /usr/share/nvim/runtime/plugin/man.vim
096.514  000.693  000.693: sourcing /usr/share/nvim/runtime/pack/dist/opt/matchit/plugin/matchit.vim
096.952  002.007  001.315: sourcing /usr/share/nvim/runtime/plugin/matchit.vim
097.657  000.636  000.636: sourcing /usr/share/nvim/runtime/plugin/matchparen.vim
099.745  001.921  001.921: sourcing /usr/share/nvim/runtime/plugin/netrwPlugin.vim
100.480  000.041  000.041: sourcing /home/bee/.local/share/nvim/rplugin.vim
100.510  000.647  000.606: sourcing /usr/share/nvim/runtime/plugin/rplugin.vim
101.014  000.428  000.428: sourcing /usr/share/nvim/runtime/plugin/shada.vim
101.234  000.092  000.092: sourcing /usr/share/nvim/runtime/plugin/spellfile.vim
101.892  000.570  000.570: sourcing /usr/share/nvim/runtime/plugin/tarPlugin.vim
102.286  000.293  000.293: sourcing /usr/share/nvim/runtime/plugin/tohtml.vim
102.432  000.065  000.065: sourcing /usr/share/nvim/runtime/plugin/tutor.vim
103.185  000.679  000.679: sourcing /usr/share/nvim/runtime/plugin/zipPlugin.vim
228.843  005.625  005.625: sourcing /home/bee/.local/share/nvim/site/pack/packer/start/material.nvim/colors/material.vim
312.720  209.140  203.516: sourcing /home/bee/.config/nvim/plugin/packer_compiled.lua
313.030  008.086: loading rtp plugins
313.855  000.107  000.107: sourcing /home/bee/.local/share/nvim/site/pack/packer/start/bufdelete.nvim/plugin/bufdelete.vim
315.137  000.740  000.740: sourcing /home/bee/.local/share/nvim/site/pack/packer/start/indent-blankline.nvim/plugin/indent_blankline.vim
317.567  002.053  002.053: sourcing /home/bee/.local/share/nvim/site/pack/packer/start/nvim-cmp/plugin/cmp.lua
317.760  000.059  000.059: sourcing /home/bee/.local/share/nvim/site/pack/packer/start/nvim-colorizer.lua/plugin/colorizer.vim
318.030  000.110  000.110: sourcing /home/bee/.local/share/nvim/site/pack/packer/start/nvim-lspconfig/plugin/lspconfig.vim
319.095  000.876  000.876: sourcing /home/bee/.local/share/nvim/site/pack/packer/start/nvim-treesitter/plugin/nvim-treesitter.vim
319.341  000.058  000.058: sourcing /home/bee/.local/share/nvim/site/pack/packer/start/nvim-web-devicons/plugin/nvim-web-devicons.vim
319.585  000.058  000.058: sourcing /home/bee/.local/share/nvim/site/pack/packer/start/plenary.nvim/plugin/plenary.vim
320.135  000.366  000.366: sourcing /home/bee/.local/share/nvim/site/pack/packer/start/rooter.nvim/plugin/rooter_nvim.lua
320.541  000.223  000.223: sourcing /home/bee/.local/share/nvim/site/pack/packer/start/telescope.nvim/plugin/telescope.vim
321.265  000.533  000.533: sourcing /home/bee/.local/share/nvim/site/pack/packer/start/vim-surround/plugin/surround.vim
322.933  000.518  000.518: sourcing /home/bee/.local/share/nvim/site/pack/packer/start/vim-vsnip/autoload/vital/vsnip.vim
323.756  000.179  000.179: sourcing /home/bee/.local/share/nvim/site/pack/packer/start/vim-vsnip/autoload/vital/_vsnip/VS/LSP/Position.vim
324.184  000.051  000.051: sourcing /home/bee/.local/share/nvim/site/pack/packer/start/vim-vsnip/autoload/vital/_vsnip.vim
324.675  002.498  001.750: sourcing /home/bee/.local/share/nvim/site/pack/packer/start/vim-vsnip/autoload/vsnip/snippet.vim
325.227  000.168  000.168: sourcing /home/bee/.local/share/nvim/site/pack/packer/start/vim-vsnip/autoload/vital/_vsnip/VS/LSP/TextEdit.vim
325.752  000.087  000.087: sourcing /home/bee/.local/share/nvim/site/pack/packer/start/vim-vsnip/autoload/vital/_vsnip/VS/LSP/Text.vim
326.389  000.153  000.153: sourcing /home/bee/.local/share/nvim/site/pack/packer/start/vim-vsnip/autoload/vital/_vsnip/VS/Vim/Buffer.vim
326.948  000.087  000.087: sourcing /home/bee/.local/share/nvim/site/pack/packer/start/vim-vsnip/autoload/vital/_vsnip/VS/Vim/Option.vim
327.671  000.186  000.186: sourcing /home/bee/.local/share/nvim/site/pack/packer/start/vim-vsnip/autoload/vital/_vsnip/VS/LSP/Diff.vim
327.949  006.004  002.824: sourcing /home/bee/.local/share/nvim/site/pack/packer/start/vim-vsnip/autoload/vsnip/session.vim
328.235  006.523  000.519: sourcing /home/bee/.local/share/nvim/site/pack/packer/start/vim-vsnip/autoload/vsnip.vim
329.056  007.600  001.077: sourcing /home/bee/.local/share/nvim/site/pack/packer/start/vim-vsnip/plugin/vsnip.vim
329.408  000.157  000.157: sourcing /home/bee/.local/share/nvim/site/pack/packer/start/vim-vsnip-integ/plugin/vsnip_integ.vim
329.613  003.642: loading packages
331.039  000.395  000.395: sourcing /home/bee/.local/share/nvim/site/pack/packer/start/cmp-vsnip/after/plugin/cmp_vsnip.vim
331.597  000.048  000.048: sourcing /home/bee/.local/share/nvim/site/pack/packer/start/vim-vsnip-integ/autoload/vsnip_integ/integration.vim
331.998  000.123  000.123: sourcing /home/bee/.local/share/nvim/site/pack/packer/start/vim-vsnip-integ/autoload/vsnip_integ/detection.vim
333.331  002.124  001.953: sourcing /home/bee/.local/share/nvim/site/pack/packer/start/vim-vsnip-integ/after/plugin/vsnip_integ.vim
334.315  000.870  000.870: sourcing /home/bee/.local/share/nvim/site/pack/packer/start/cmp-buffer/after/plugin/cmp_buffer.lua
334.699  000.264  000.264: sourcing /home/bee/.local/share/nvim/site/pack/packer/start/cmp-calc/after/plugin/cmp_calc.lua
335.167  000.359  000.359: sourcing /home/bee/.local/share/nvim/site/pack/packer/start/cmp-cmdline/after/plugin/cmp_cmdline.lua
335.493  000.180  000.180: sourcing /home/bee/.local/share/nvim/site/pack/packer/start/cmp-emoji/after/plugin/cmp_emoji.lua
335.946  000.352  000.352: sourcing /home/bee/.local/share/nvim/site/pack/packer/start/cmp-look/after/plugin/cmp_look.lua
336.722  000.667  000.667: sourcing /home/bee/.local/share/nvim/site/pack/packer/start/cmp-nvim-lsp/after/plugin/cmp_nvim_lsp.lua
337.421  000.360  000.360: sourcing /home/bee/.local/share/nvim/site/pack/packer/start/cmp-nvim-lua/after/plugin/cmp_nvim_lua.lua
338.196  000.590  000.590: sourcing /home/bee/.local/share/nvim/site/pack/packer/start/cmp-path/after/plugin/cmp_path.lua
338.648  000.296  000.296: sourcing /home/bee/.local/share/nvim/site/pack/packer/start/cmp-spell/after/plugin/cmp-spell.lua
338.775  002.704: loading after plugins
338.801  000.026: inits 3
341.750  002.950: reading ShaDa
342.583  000.833: opening buffers
342.997  000.414: BufEnter autocommands
343.003  000.006: editing files in windows


times in msec
 clock   self+sourced   self:  sourced script
 clock   elapsed:              other lines

000.038  000.038: --- NVIM STARTING ---
001.099  001.061: locale set
002.257  001.158: inits 1
002.317  000.061: window checked
015.249  012.931: parsing arguments
015.812  000.563: expanding arguments
015.888  000.076: inits 2
017.590  001.702: init highlight
017.598  000.008: waiting for UI
019.821  002.223: done waiting for UI
019.883  000.062: init screen for UI
019.975  000.092: init default mappings
020.459  000.484: init default autocommands
020.981  000.070  000.070: sourcing /usr/share/nvim/archlinux.vim
021.022  000.385  000.315: sourcing /etc/xdg/nvim/sysinit.vim
043.959  022.781  022.781: sourcing /home/bee/.config/nvim/init.lua
043.997  000.372: sourcing vimrc file(s)
064.082  000.060  000.060: sourcing /home/bee/.local/share/nvim/site/pack/packer/start/nvim-treesitter/ftdetect/fusion.vim
064.258  000.076  000.076: sourcing /home/bee/.local/share/nvim/site/pack/packer/start/nvim-treesitter/ftdetect/gdresource.vim
064.362  000.043  000.043: sourcing /home/bee/.local/share/nvim/site/pack/packer/start/nvim-treesitter/ftdetect/gdscript.vim
064.449  000.034  000.034: sourcing /home/bee/.local/share/nvim/site/pack/packer/start/nvim-treesitter/ftdetect/glimmer.vim
064.549  000.042  000.042: sourcing /home/bee/.local/share/nvim/site/pack/packer/start/nvim-treesitter/ftdetect/glsl.vim
064.641  000.035  000.035: sourcing /home/bee/.local/share/nvim/site/pack/packer/start/nvim-treesitter/ftdetect/gowork.vim
064.762  000.063  000.063: sourcing /home/bee/.local/share/nvim/site/pack/packer/start/nvim-treesitter/ftdetect/graphql.vim
064.862  000.044  000.044: sourcing /home/bee/.local/share/nvim/site/pack/packer/start/nvim-treesitter/ftdetect/hack.vim
064.979  000.060  000.060: sourcing /home/bee/.local/share/nvim/site/pack/packer/start/nvim-treesitter/ftdetect/hcl.vim
065.081  000.040  000.040: sourcing /home/bee/.local/share/nvim/site/pack/packer/start/nvim-treesitter/ftdetect/heex.vim
065.196  000.036  000.036: sourcing /home/bee/.local/share/nvim/site/pack/packer/start/nvim-treesitter/ftdetect/hjson.vim
065.302  000.046  000.046: sourcing /home/bee/.local/share/nvim/site/pack/packer/start/nvim-treesitter/ftdetect/json5.vim
065.412  000.057  000.057: sourcing /home/bee/.local/share/nvim/site/pack/packer/start/nvim-treesitter/ftdetect/ledger.vim
065.506  000.036  000.036: sourcing /home/bee/.local/share/nvim/site/pack/packer/start/nvim-treesitter/ftdetect/nix.vim
065.608  000.043  000.043: sourcing /home/bee/.local/share/nvim/site/pack/packer/start/nvim-treesitter/ftdetect/prisma.vim
065.701  000.036  000.036: sourcing /home/bee/.local/share/nvim/site/pack/packer/start/nvim-treesitter/ftdetect/pug.vim
065.880  000.086  000.086: sourcing /home/bee/.local/share/nvim/site/pack/packer/start/nvim-treesitter/ftdetect/ql.vim
066.023  000.074  000.074: sourcing /home/bee/.local/share/nvim/site/pack/packer/start/nvim-treesitter/ftdetect/query.vim
066.129  000.044  000.044: sourcing /home/bee/.local/share/nvim/site/pack/packer/start/nvim-treesitter/ftdetect/surface.vim
066.227  000.046  000.046: sourcing /home/bee/.local/share/nvim/site/pack/packer/start/nvim-treesitter/ftdetect/teal.vim
066.319  000.034  000.034: sourcing /home/bee/.local/share/nvim/site/pack/packer/start/nvim-treesitter/ftdetect/tlaplus.vim
066.413  000.036  000.036: sourcing /home/bee/.local/share/nvim/site/pack/packer/start/nvim-treesitter/ftdetect/yang.vim
067.101  000.067  000.067: sourcing /usr/share/vim/vimfiles/ftdetect/conkyrc.vim
067.230  000.073  000.073: sourcing /usr/share/vim/vimfiles/ftdetect/meson.vim
068.968  000.110  000.110: sourcing /home/bee/.local/share/nvim/site/pack/packer/start/nvim-treesitter/autoload/nvim_treesitter.vim
081.950  037.377  036.058: sourcing /usr/share/nvim/runtime/filetype.vim
082.800  000.140  000.140: sourcing /usr/share/nvim/runtime/ftplugin.vim
083.544  000.104  000.104: sourcing /usr/share/nvim/runtime/indent.vim
084.664  000.301  000.301: sourcing /usr/share/nvim/runtime/syntax/synload.vim
084.952  001.165  000.864: sourcing /usr/share/nvim/runtime/syntax/syntax.vim
089.365  000.892  000.892: sourcing /usr/share/nvim/runtime/plugin/gzip.vim
089.491  000.042  000.042: sourcing /usr/share/nvim/runtime/plugin/health.vim
089.921  000.371  000.371: sourcing /usr/share/nvim/runtime/plugin/man.vim
091.526  000.682  000.682: sourcing /usr/share/nvim/runtime/pack/dist/opt/matchit/plugin/matchit.vim
091.854  001.867  001.185: sourcing /usr/share/nvim/runtime/plugin/matchit.vim
092.483  000.570  000.570: sourcing /usr/share/nvim/runtime/plugin/matchparen.vim
094.209  001.655  001.655: sourcing /usr/share/nvim/runtime/plugin/netrwPlugin.vim
094.923  000.040  000.040: sourcing /home/bee/.local/share/nvim/rplugin.vim
094.953  000.626  000.586: sourcing /usr/share/nvim/runtime/plugin/rplugin.vim
095.449  000.419  000.419: sourcing /usr/share/nvim/runtime/plugin/shada.vim
095.640  000.091  000.091: sourcing /usr/share/nvim/runtime/plugin/spellfile.vim
096.316  000.593  000.593: sourcing /usr/share/nvim/runtime/plugin/tarPlugin.vim
096.712  000.295  000.295: sourcing /usr/share/nvim/runtime/plugin/tohtml.vim
096.865  000.065  000.065: sourcing /usr/share/nvim/runtime/plugin/tutor.vim
097.646  000.684  000.684: sourcing /usr/share/nvim/runtime/plugin/zipPlugin.vim
220.344  005.383  005.383: sourcing /home/bee/.local/share/nvim/site/pack/packer/start/material.nvim/colors/material.vim
263.750  165.758  160.375: sourcing /home/bee/.config/nvim/plugin/packer_compiled.lua
264.072  007.359: loading rtp plugins
264.875  000.107  000.107: sourcing /home/bee/.local/share/nvim/site/pack/packer/start/bufdelete.nvim/plugin/bufdelete.vim
266.126  000.707  000.707: sourcing /home/bee/.local/share/nvim/site/pack/packer/start/indent-blankline.nvim/plugin/indent_blankline.vim
267.818  001.317  001.317: sourcing /home/bee/.local/share/nvim/site/pack/packer/start/nvim-cmp/plugin/cmp.lua
268.013  000.056  000.056: sourcing /home/bee/.local/share/nvim/site/pack/packer/start/nvim-colorizer.lua/plugin/colorizer.vim
268.320  000.109  000.109: sourcing /home/bee/.local/share/nvim/site/pack/packer/start/nvim-lspconfig/plugin/lspconfig.vim
269.413  000.904  000.904: sourcing /home/bee/.local/share/nvim/site/pack/packer/start/nvim-treesitter/plugin/nvim-treesitter.vim
269.657  000.055  000.055: sourcing /home/bee/.local/share/nvim/site/pack/packer/start/nvim-web-devicons/plugin/nvim-web-devicons.vim
269.930  000.059  000.059: sourcing /home/bee/.local/share/nvim/site/pack/packer/start/plenary.nvim/plugin/plenary.vim
270.478  000.361  000.361: sourcing /home/bee/.local/share/nvim/site/pack/packer/start/rooter.nvim/plugin/rooter_nvim.lua
270.844  000.221  000.221: sourcing /home/bee/.local/share/nvim/site/pack/packer/start/telescope.nvim/plugin/telescope.vim
271.567  000.533  000.533: sourcing /home/bee/.local/share/nvim/site/pack/packer/start/vim-surround/plugin/surround.vim
273.064  000.337  000.337: sourcing /home/bee/.local/share/nvim/site/pack/packer/start/vim-vsnip/autoload/vital/vsnip.vim
273.586  000.117  000.117: sourcing /home/bee/.local/share/nvim/site/pack/packer/start/vim-vsnip/autoload/vital/_vsnip/VS/LSP/Position.vim
273.867  000.034  000.034: sourcing /home/bee/.local/share/nvim/site/pack/packer/start/vim-vsnip/autoload/vital/_vsnip.vim
274.286  001.797  001.309: sourcing /home/bee/.local/share/nvim/site/pack/packer/start/vim-vsnip/autoload/vsnip/snippet.vim
274.833  000.170  000.170: sourcing /home/bee/.local/share/nvim/site/pack/packer/start/vim-vsnip/autoload/vital/_vsnip/VS/LSP/TextEdit.vim
275.390  000.085  000.085: sourcing /home/bee/.local/share/nvim/site/pack/packer/start/vim-vsnip/autoload/vital/_vsnip/VS/LSP/Text.vim
276.036  000.153  000.153: sourcing /home/bee/.local/share/nvim/site/pack/packer/start/vim-vsnip/autoload/vital/_vsnip/VS/Vim/Buffer.vim
276.581  000.070  000.070: sourcing /home/bee/.local/share/nvim/site/pack/packer/start/vim-vsnip/autoload/vital/_vsnip/VS/Vim/Option.vim
277.330  000.190  000.190: sourcing /home/bee/.local/share/nvim/site/pack/packer/start/vim-vsnip/autoload/vital/_vsnip/VS/LSP/Diff.vim
277.610  005.366  002.901: sourcing /home/bee/.local/share/nvim/site/pack/packer/start/vim-vsnip/autoload/vsnip/session.vim
277.902  005.890  000.524: sourcing /home/bee/.local/share/nvim/site/pack/packer/start/vim-vsnip/autoload/vsnip.vim
278.584  006.828  000.939: sourcing /home/bee/.local/share/nvim/site/pack/packer/start/vim-vsnip/plugin/vsnip.vim
278.929  000.144  000.144: sourcing /home/bee/.local/share/nvim/site/pack/packer/start/vim-vsnip-integ/plugin/vsnip_integ.vim
279.134  003.661: loading packages
279.903  000.270  000.270: sourcing /home/bee/.local/share/nvim/site/pack/packer/start/cmp-vsnip/after/plugin/cmp_vsnip.vim
280.322  000.043  000.043: sourcing /home/bee/.local/share/nvim/site/pack/packer/start/vim-vsnip-integ/autoload/vsnip_integ/integration.vim
280.715  000.121  000.121: sourcing /home/bee/.local/share/nvim/site/pack/packer/start/vim-vsnip-integ/autoload/vsnip_integ/detection.vim
281.989  001.970  001.806: sourcing /home/bee/.local/share/nvim/site/pack/packer/start/vim-vsnip-integ/after/plugin/vsnip_integ.vim
282.941  000.843  000.843: sourcing /home/bee/.local/share/nvim/site/pack/packer/start/cmp-buffer/after/plugin/cmp_buffer.lua
283.305  000.253  000.253: sourcing /home/bee/.local/share/nvim/site/pack/packer/start/cmp-calc/after/plugin/cmp_calc.lua
283.761  000.348  000.348: sourcing /home/bee/.local/share/nvim/site/pack/packer/start/cmp-cmdline/after/plugin/cmp_cmdline.lua
284.102  000.181  000.181: sourcing /home/bee/.local/share/nvim/site/pack/packer/start/cmp-emoji/after/plugin/cmp_emoji.lua
284.566  000.356  000.356: sourcing /home/bee/.local/share/nvim/site/pack/packer/start/cmp-look/after/plugin/cmp_look.lua
285.190  000.515  000.515: sourcing /home/bee/.local/share/nvim/site/pack/packer/start/cmp-nvim-lsp/after/plugin/cmp_nvim_lsp.lua
285.561  000.256  000.256: sourcing /home/bee/.local/share/nvim/site/pack/packer/start/cmp-nvim-lua/after/plugin/cmp_nvim_lua.lua
286.137  000.466  000.466: sourcing /home/bee/.local/share/nvim/site/pack/packer/start/cmp-path/after/plugin/cmp_path.lua
286.503  000.255  000.255: sourcing /home/bee/.local/share/nvim/site/pack/packer/start/cmp-spell/after/plugin/cmp-spell.lua
286.631  001.784: loading after plugins
286.655  000.024: inits 3
289.630  002.975: reading ShaDa
290.320  000.690: opening buffers
290.722  000.402: BufEnter autocommands
290.727  000.005: editing files in windows


times in msec
 clock   self+sourced   self:  sourced script
 clock   elapsed:              other lines

000.029  000.029: --- NVIM STARTING ---
000.899  000.869: locale set
001.861  000.962: inits 1
001.906  000.045: window checked
014.592  012.686: parsing arguments
015.056  000.464: expanding arguments
015.128  000.072: inits 2
016.694  001.565: init highlight
016.700  000.007: waiting for UI
019.507  002.807: done waiting for UI
019.571  000.064: init screen for UI
019.667  000.096: init default mappings
020.062  000.394: init default autocommands
020.443  000.141  000.141: sourcing /usr/share/nvim/archlinux.vim
020.470  000.293  000.152: sourcing /etc/xdg/nvim/sysinit.vim
050.679  030.048  030.048: sourcing /home/bee/.config/nvim/init.lua
050.714  000.312: sourcing vimrc file(s)
071.691  000.042  000.042: sourcing /home/bee/.local/share/nvim/site/pack/packer/start/nvim-treesitter/ftdetect/fusion.vim
071.775  000.039  000.039: sourcing /home/bee/.local/share/nvim/site/pack/packer/start/nvim-treesitter/ftdetect/gdresource.vim
071.838  000.027  000.027: sourcing /home/bee/.local/share/nvim/site/pack/packer/start/nvim-treesitter/ftdetect/gdscript.vim
071.894  000.022  000.022: sourcing /home/bee/.local/share/nvim/site/pack/packer/start/nvim-treesitter/ftdetect/glimmer.vim
071.959  000.028  000.028: sourcing /home/bee/.local/share/nvim/site/pack/packer/start/nvim-treesitter/ftdetect/glsl.vim
072.020  000.023  000.023: sourcing /home/bee/.local/share/nvim/site/pack/packer/start/nvim-treesitter/ftdetect/gowork.vim
072.098  000.042  000.042: sourcing /home/bee/.local/share/nvim/site/pack/packer/start/nvim-treesitter/ftdetect/graphql.vim
072.164  000.030  000.030: sourcing /home/bee/.local/share/nvim/site/pack/packer/start/nvim-treesitter/ftdetect/hack.vim
072.239  000.039  000.039: sourcing /home/bee/.local/share/nvim/site/pack/packer/start/nvim-treesitter/ftdetect/hcl.vim
072.305  000.029  000.029: sourcing /home/bee/.local/share/nvim/site/pack/packer/start/nvim-treesitter/ftdetect/heex.vim
072.363  000.023  000.023: sourcing /home/bee/.local/share/nvim/site/pack/packer/start/nvim-treesitter/ftdetect/hjson.vim
072.448  000.030  000.030: sourcing /home/bee/.local/share/nvim/site/pack/packer/start/nvim-treesitter/ftdetect/json5.vim
072.522  000.036  000.036: sourcing /home/bee/.local/share/nvim/site/pack/packer/start/nvim-treesitter/ftdetect/ledger.vim
072.584  000.024  000.024: sourcing /home/bee/.local/share/nvim/site/pack/packer/start/nvim-treesitter/ftdetect/nix.vim
072.648  000.027  000.027: sourcing /home/bee/.local/share/nvim/site/pack/packer/start/nvim-treesitter/ftdetect/prisma.vim
072.708  000.023  000.023: sourcing /home/bee/.local/share/nvim/site/pack/packer/start/nvim-treesitter/ftdetect/pug.vim
072.778  000.032  000.032: sourcing /home/bee/.local/share/nvim/site/pack/packer/start/nvim-treesitter/ftdetect/ql.vim
072.859  000.045  000.045: sourcing /home/bee/.local/share/nvim/site/pack/packer/start/nvim-treesitter/ftdetect/query.vim
072.926  000.028  000.028: sourcing /home/bee/.local/share/nvim/site/pack/packer/start/nvim-treesitter/ftdetect/surface.vim
072.985  000.026  000.026: sourcing /home/bee/.local/share/nvim/site/pack/packer/start/nvim-treesitter/ftdetect/teal.vim
073.046  000.022  000.022: sourcing /home/bee/.local/share/nvim/site/pack/packer/start/nvim-treesitter/ftdetect/tlaplus.vim
073.107  000.024  000.024: sourcing /home/bee/.local/share/nvim/site/pack/packer/start/nvim-treesitter/ftdetect/yang.vim
073.560  000.044  000.044: sourcing /usr/share/vim/vimfiles/ftdetect/conkyrc.vim
073.644  000.048  000.048: sourcing /usr/share/vim/vimfiles/ftdetect/meson.vim
075.399  000.102  000.102: sourcing /home/bee/.local/share/nvim/site/pack/packer/start/nvim-treesitter/autoload/nvim_treesitter.vim
083.164  031.952  031.098: sourcing /usr/share/nvim/runtime/filetype.vim
083.573  000.069  000.069: sourcing /usr/share/nvim/runtime/ftplugin.vim
083.960  000.056  000.056: sourcing /usr/share/nvim/runtime/indent.vim
084.520  000.148  000.148: sourcing /usr/share/nvim/runtime/syntax/synload.vim
084.660  000.574  000.426: sourcing /usr/share/nvim/runtime/syntax/syntax.vim
086.879  000.525  000.525: sourcing /usr/share/nvim/runtime/plugin/gzip.vim
086.934  000.020  000.020: sourcing /usr/share/nvim/runtime/plugin/health.vim
087.160  000.198  000.198: sourcing /usr/share/nvim/runtime/plugin/man.vim
087.940  000.370  000.370: sourcing /usr/share/nvim/runtime/pack/dist/opt/matchit/plugin/matchit.vim
088.200  001.013  000.643: sourcing /usr/share/nvim/runtime/plugin/matchit.vim
088.530  000.283  000.283: sourcing /usr/share/nvim/runtime/plugin/matchparen.vim
089.382  000.810  000.810: sourcing /usr/share/nvim/runtime/plugin/netrwPlugin.vim
089.719  000.022  000.022: sourcing /home/bee/.local/share/nvim/rplugin.vim
089.730  000.289  000.266: sourcing /usr/share/nvim/runtime/plugin/rplugin.vim
089.927  000.163  000.163: sourcing /usr/share/nvim/runtime/plugin/shada.vim
090.003  000.036  000.036: sourcing /usr/share/nvim/runtime/plugin/spellfile.vim
090.258  000.220  000.220: sourcing /usr/share/nvim/runtime/plugin/tarPlugin.vim
090.420  000.122  000.122: sourcing /usr/share/nvim/runtime/plugin/tohtml.vim
090.482  000.027  000.027: sourcing /usr/share/nvim/runtime/plugin/tutor.vim
090.810  000.289  000.289: sourcing /usr/share/nvim/runtime/plugin/zipPlugin.vim
205.251  006.133  006.133: sourcing /home/bee/.local/share/nvim/site/pack/packer/start/material.nvim/colors/material.vim
253.987  163.038  156.905: sourcing /home/bee/.config/nvim/plugin/packer_compiled.lua
254.290  003.894: loading rtp plugins
255.093  000.108  000.108: sourcing /home/bee/.local/share/nvim/site/pack/packer/start/bufdelete.nvim/plugin/bufdelete.vim
256.302  000.665  000.665: sourcing /home/bee/.local/share/nvim/site/pack/packer/start/indent-blankline.nvim/plugin/indent_blankline.vim
258.594  001.893  001.893: sourcing /home/bee/.local/share/nvim/site/pack/packer/start/nvim-cmp/plugin/cmp.lua
258.792  000.060  000.060: sourcing /home/bee/.local/share/nvim/site/pack/packer/start/nvim-colorizer.lua/plugin/colorizer.vim
259.059  000.107  000.107: sourcing /home/bee/.local/share/nvim/site/pack/packer/start/nvim-lspconfig/plugin/lspconfig.vim
260.070  000.820  000.820: sourcing /home/bee/.local/share/nvim/site/pack/packer/start/nvim-treesitter/plugin/nvim-treesitter.vim
260.320  000.060  000.060: sourcing /home/bee/.local/share/nvim/site/pack/packer/start/nvim-web-devicons/plugin/nvim-web-devicons.vim
260.578  000.075  000.075: sourcing /home/bee/.local/share/nvim/site/pack/packer/start/plenary.nvim/plugin/plenary.vim
261.144  000.378  000.378: sourcing /home/bee/.local/share/nvim/site/pack/packer/start/rooter.nvim/plugin/rooter_nvim.lua
261.517  000.226  000.226: sourcing /home/bee/.local/share/nvim/site/pack/packer/start/telescope.nvim/plugin/telescope.vim
262.238  000.528  000.528: sourcing /home/bee/.local/share/nvim/site/pack/packer/start/vim-surround/plugin/surround.vim
264.151  000.595  000.595: sourcing /home/bee/.local/share/nvim/site/pack/packer/start/vim-vsnip/autoload/vital/vsnip.vim
264.920  000.169  000.169: sourcing /home/bee/.local/share/nvim/site/pack/packer/start/vim-vsnip/autoload/vital/_vsnip/VS/LSP/Position.vim
265.349  000.052  000.052: sourcing /home/bee/.local/share/nvim/site/pack/packer/start/vim-vsnip/autoload/vital/_vsnip.vim
265.828  002.521  001.705: sourcing /home/bee/.local/share/nvim/site/pack/packer/start/vim-vsnip/autoload/vsnip/snippet.vim
266.385  000.170  000.170: sourcing /home/bee/.local/share/nvim/site/pack/packer/start/vim-vsnip/autoload/vital/_vsnip/VS/LSP/TextEdit.vim
266.908  000.084  000.084: sourcing /home/bee/.local/share/nvim/site/pack/packer/start/vim-vsnip/autoload/vital/_vsnip/VS/LSP/Text.vim
267.610  000.159  000.159: sourcing /home/bee/.local/share/nvim/site/pack/packer/start/vim-vsnip/autoload/vital/_vsnip/VS/Vim/Buffer.vim
268.155  000.071  000.071: sourcing /home/bee/.local/share/nvim/site/pack/packer/start/vim-vsnip/autoload/vital/_vsnip/VS/Vim/Option.vim
268.873  000.189  000.189: sourcing /home/bee/.local/share/nvim/site/pack/packer/start/vim-vsnip/autoload/vital/_vsnip/VS/LSP/Diff.vim
269.151  006.180  002.987: sourcing /home/bee/.local/share/nvim/site/pack/packer/start/vim-vsnip/autoload/vsnip/session.vim
269.439  006.752  000.572: sourcing /home/bee/.local/share/nvim/site/pack/packer/start/vim-vsnip/autoload/vsnip.vim
270.258  007.832  001.080: sourcing /home/bee/.local/share/nvim/site/pack/packer/start/vim-vsnip/plugin/vsnip.vim
270.615  000.155  000.155: sourcing /home/bee/.local/share/nvim/site/pack/packer/start/vim-vsnip-integ/plugin/vsnip_integ.vim
270.996  003.799: loading packages
272.322  000.516  000.516: sourcing /home/bee/.local/share/nvim/site/pack/packer/start/cmp-vsnip/after/plugin/cmp_vsnip.vim
272.838  000.047  000.047: sourcing /home/bee/.local/share/nvim/site/pack/packer/start/vim-vsnip-integ/autoload/vsnip_integ/integration.vim
273.230  000.120  000.120: sourcing /home/bee/.local/share/nvim/site/pack/packer/start/vim-vsnip-integ/autoload/vsnip_integ/detection.vim
274.579  002.073  001.906: sourcing /home/bee/.local/share/nvim/site/pack/packer/start/vim-vsnip-integ/after/plugin/vsnip_integ.vim
275.537  000.842  000.842: sourcing /home/bee/.local/share/nvim/site/pack/packer/start/cmp-buffer/after/plugin/cmp_buffer.lua
275.952  000.301  000.301: sourcing /home/bee/.local/share/nvim/site/pack/packer/start/cmp-calc/after/plugin/cmp_calc.lua
276.452  000.389  000.389: sourcing /home/bee/.local/share/nvim/site/pack/packer/start/cmp-cmdline/after/plugin/cmp_cmdline.lua
276.832  000.232  000.232: sourcing /home/bee/.local/share/nvim/site/pack/packer/start/cmp-emoji/after/plugin/cmp_emoji.lua
277.328  000.389  000.389: sourcing /home/bee/.local/share/nvim/site/pack/packer/start/cmp-look/after/plugin/cmp_look.lua
278.215  000.773  000.773: sourcing /home/bee/.local/share/nvim/site/pack/packer/start/cmp-nvim-lsp/after/plugin/cmp_nvim_lsp.lua
278.815  000.404  000.404: sourcing /home/bee/.local/share/nvim/site/pack/packer/start/cmp-nvim-lua/after/plugin/cmp_nvim_lua.lua
279.595  000.585  000.585: sourcing /home/bee/.local/share/nvim/site/pack/packer/start/cmp-path/after/plugin/cmp_path.lua
280.016  000.263  000.263: sourcing /home/bee/.local/share/nvim/site/pack/packer/start/cmp-spell/after/plugin/cmp-spell.lua
280.146  002.383: loading after plugins
280.172  000.026: inits 3
283.130  002.958: reading ShaDa
283.590  000.461: opening buffers
284.097  000.507: BufEnter autocommands
284.102  000.005: editing files in windows


times in msec
 clock   self+sourced   self:  sourced script
 clock   elapsed:              other lines

000.028  000.028: --- NVIM STARTING ---
000.825  000.797: locale set
001.611  000.786: inits 1
001.650  000.038: window checked
012.713  011.064: parsing arguments
013.159  000.445: expanding arguments
013.300  000.141: inits 2
015.248  001.949: init highlight
015.270  000.022: waiting for UI
018.480  003.210: done waiting for UI
018.526  000.046: init screen for UI
018.583  000.058: init default mappings
018.869  000.285: init default autocommands
019.054  000.036  000.036: sourcing /usr/share/nvim/archlinux.vim
019.068  000.120  000.084: sourcing /etc/xdg/nvim/sysinit.vim
034.581  015.451  015.451: sourcing /home/bee/.config/nvim/init.lua
034.611  000.171: sourcing vimrc file(s)
055.180  000.075  000.075: sourcing /home/bee/.local/share/nvim/site/pack/packer/start/nvim-treesitter/ftdetect/fusion.vim
055.297  000.053  000.053: sourcing /home/bee/.local/share/nvim/site/pack/packer/start/nvim-treesitter/ftdetect/gdresource.vim
055.433  000.047  000.047: sourcing /home/bee/.local/share/nvim/site/pack/packer/start/nvim-treesitter/ftdetect/gdscript.vim
055.516  000.030  000.030: sourcing /home/bee/.local/share/nvim/site/pack/packer/start/nvim-treesitter/ftdetect/glimmer.vim
055.605  000.037  000.037: sourcing /home/bee/.local/share/nvim/site/pack/packer/start/nvim-treesitter/ftdetect/glsl.vim
055.686  000.031  000.031: sourcing /home/bee/.local/share/nvim/site/pack/packer/start/nvim-treesitter/ftdetect/gowork.vim
055.790  000.054  000.054: sourcing /home/bee/.local/share/nvim/site/pack/packer/start/nvim-treesitter/ftdetect/graphql.vim
055.880  000.045  000.045: sourcing /home/bee/.local/share/nvim/site/pack/packer/start/nvim-treesitter/ftdetect/hack.vim
055.984  000.053  000.053: sourcing /home/bee/.local/share/nvim/site/pack/packer/start/nvim-treesitter/ftdetect/hcl.vim
056.070  000.035  000.035: sourcing /home/bee/.local/share/nvim/site/pack/packer/start/nvim-treesitter/ftdetect/heex.vim
056.151  000.030  000.030: sourcing /home/bee/.local/share/nvim/site/pack/packer/start/nvim-treesitter/ftdetect/hjson.vim
056.265  000.041  000.041: sourcing /home/bee/.local/share/nvim/site/pack/packer/start/nvim-treesitter/ftdetect/json5.vim
056.367  000.049  000.049: sourcing /home/bee/.local/share/nvim/site/pack/packer/start/nvim-treesitter/ftdetect/ledger.vim
056.451  000.033  000.033: sourcing /home/bee/.local/share/nvim/site/pack/packer/start/nvim-treesitter/ftdetect/nix.vim
056.541  000.038  000.038: sourcing /home/bee/.local/share/nvim/site/pack/packer/start/nvim-treesitter/ftdetect/prisma.vim
056.623  000.032  000.032: sourcing /home/bee/.local/share/nvim/site/pack/packer/start/nvim-treesitter/ftdetect/pug.vim
056.718  000.045  000.045: sourcing /home/bee/.local/share/nvim/site/pack/packer/start/nvim-treesitter/ftdetect/ql.vim
056.832  000.065  000.065: sourcing /home/bee/.local/share/nvim/site/pack/packer/start/nvim-treesitter/ftdetect/query.vim
056.924  000.038  000.038: sourcing /home/bee/.local/share/nvim/site/pack/packer/start/nvim-treesitter/ftdetect/surface.vim
057.005  000.035  000.035: sourcing /home/bee/.local/share/nvim/site/pack/packer/start/nvim-treesitter/ftdetect/teal.vim
057.088  000.029  000.029: sourcing /home/bee/.local/share/nvim/site/pack/packer/start/nvim-treesitter/ftdetect/tlaplus.vim
057.208  000.054  000.054: sourcing /home/bee/.local/share/nvim/site/pack/packer/start/nvim-treesitter/ftdetect/yang.vim
058.122  000.068  000.068: sourcing /usr/share/vim/vimfiles/ftdetect/conkyrc.vim
058.241  000.066  000.066: sourcing /usr/share/vim/vimfiles/ftdetect/meson.vim
059.838  000.098  000.098: sourcing /home/bee/.local/share/nvim/site/pack/packer/start/nvim-treesitter/autoload/nvim_treesitter.vim
071.347  036.297  035.115: sourcing /usr/share/nvim/runtime/filetype.vim
072.160  000.128  000.128: sourcing /usr/share/nvim/runtime/ftplugin.vim
072.818  000.093  000.093: sourcing /usr/share/nvim/runtime/indent.vim
073.809  000.270  000.270: sourcing /usr/share/nvim/runtime/syntax/synload.vim
074.052  001.017  000.747: sourcing /usr/share/nvim/runtime/syntax/syntax.vim
077.923  000.857  000.857: sourcing /usr/share/nvim/runtime/plugin/gzip.vim
078.027  000.035  000.035: sourcing /usr/share/nvim/runtime/plugin/health.vim
078.420  000.343  000.343: sourcing /usr/share/nvim/runtime/plugin/man.vim
079.891  000.607  000.607: sourcing /usr/share/nvim/runtime/pack/dist/opt/matchit/plugin/matchit.vim
080.171  001.693  001.086: sourcing /usr/share/nvim/runtime/plugin/matchit.vim
080.657  000.434  000.434: sourcing /usr/share/nvim/runtime/plugin/matchparen.vim
082.158  001.444  001.444: sourcing /usr/share/nvim/runtime/plugin/netrwPlugin.vim
082.718  000.033  000.033: sourcing /home/bee/.local/share/nvim/rplugin.vim
082.741  000.478  000.445: sourcing /usr/share/nvim/runtime/plugin/rplugin.vim
083.163  000.355  000.355: sourcing /usr/share/nvim/runtime/plugin/shada.vim
083.325  000.075  000.075: sourcing /usr/share/nvim/runtime/plugin/spellfile.vim
083.872  000.476  000.476: sourcing /usr/share/nvim/runtime/plugin/tarPlugin.vim
084.217  000.259  000.259: sourcing /usr/share/nvim/runtime/plugin/tohtml.vim
084.348  000.057  000.057: sourcing /usr/share/nvim/runtime/plugin/tutor.vim
085.015  000.585  000.585: sourcing /usr/share/nvim/runtime/plugin/zipPlugin.vim
207.302  005.284  005.284: sourcing /home/bee/.local/share/nvim/site/pack/packer/start/material.nvim/colors/material.vim
254.269  168.961  163.678: sourcing /home/bee/.config/nvim/plugin/packer_compiled.lua
254.662  006.466: loading rtp plugins
255.500  000.107  000.107: sourcing /home/bee/.local/share/nvim/site/pack/packer/start/bufdelete.nvim/plugin/bufdelete.vim
256.750  000.715  000.715: sourcing /home/bee/.local/share/nvim/site/pack/packer/start/indent-blankline.nvim/plugin/indent_blankline.vim
258.451  001.323  001.323: sourcing /home/bee/.local/share/nvim/site/pack/packer/start/nvim-cmp/plugin/cmp.lua
258.642  000.057  000.057: sourcing /home/bee/.local/share/nvim/site/pack/packer/start/nvim-colorizer.lua/plugin/colorizer.vim
258.962  000.117  000.117: sourcing /home/bee/.local/share/nvim/site/pack/packer/start/nvim-lspconfig/plugin/lspconfig.vim
260.066  000.912  000.912: sourcing /home/bee/.local/share/nvim/site/pack/packer/start/nvim-treesitter/plugin/nvim-treesitter.vim
260.310  000.058  000.058: sourcing /home/bee/.local/share/nvim/site/pack/packer/start/nvim-web-devicons/plugin/nvim-web-devicons.vim
260.553  000.058  000.058: sourcing /home/bee/.local/share/nvim/site/pack/packer/start/plenary.nvim/plugin/plenary.vim
261.106  000.368  000.368: sourcing /home/bee/.local/share/nvim/site/pack/packer/start/rooter.nvim/plugin/rooter_nvim.lua
261.473  000.223  000.223: sourcing /home/bee/.local/share/nvim/site/pack/packer/start/telescope.nvim/plugin/telescope.vim
262.215  000.553  000.553: sourcing /home/bee/.local/share/nvim/site/pack/packer/start/vim-surround/plugin/surround.vim
263.710  000.340  000.340: sourcing /home/bee/.local/share/nvim/site/pack/packer/start/vim-vsnip/autoload/vital/vsnip.vim
264.219  000.113  000.113: sourcing /home/bee/.local/share/nvim/site/pack/packer/start/vim-vsnip/autoload/vital/_vsnip/VS/LSP/Position.vim
264.501  000.034  000.034: sourcing /home/bee/.local/share/nvim/site/pack/packer/start/vim-vsnip/autoload/vital/_vsnip.vim
264.918  001.783  001.297: sourcing /home/bee/.local/share/nvim/site/pack/packer/start/vim-vsnip/autoload/vsnip/snippet.vim
265.476  000.187  000.187: sourcing /home/bee/.local/share/nvim/site/pack/packer/start/vim-vsnip/autoload/vital/_vsnip/VS/LSP/TextEdit.vim
266.029  000.089  000.089: sourcing /home/bee/.local/share/nvim/site/pack/packer/start/vim-vsnip/autoload/vital/_vsnip/VS/LSP/Text.vim
266.667  000.153  000.153: sourcing /home/bee/.local/share/nvim/site/pack/packer/start/vim-vsnip/autoload/vital/_vsnip/VS/Vim/Buffer.vim
267.208  000.070  000.070: sourcing /home/bee/.local/share/nvim/site/pack/packer/start/vim-vsnip/autoload/vital/_vsnip/VS/Vim/Option.vim
267.922  000.186  000.186: sourcing /home/bee/.local/share/nvim/site/pack/packer/start/vim-vsnip/autoload/vital/_vsnip/VS/LSP/Diff.vim
268.197  005.300  002.832: sourcing /home/bee/.local/share/nvim/site/pack/packer/start/vim-vsnip/autoload/vsnip/session.vim
268.486  005.826  000.526: sourcing /home/bee/.local/share/nvim/site/pack/packer/start/vim-vsnip/autoload/vsnip.vim
269.144  006.752  000.926: sourcing /home/bee/.local/share/nvim/site/pack/packer/start/vim-vsnip/plugin/vsnip.vim
269.481  000.139  000.139: sourcing /home/bee/.local/share/nvim/site/pack/packer/start/vim-vsnip-integ/plugin/vsnip_integ.vim
269.670  003.627: loading packages
270.411  000.264  000.264: sourcing /home/bee/.local/share/nvim/site/pack/packer/start/cmp-vsnip/after/plugin/cmp_vsnip.vim
270.841  000.056  000.056: sourcing /home/bee/.local/share/nvim/site/pack/packer/start/vim-vsnip-integ/autoload/vsnip_integ/integration.vim
271.357  000.130  000.130: sourcing /home/bee/.local/share/nvim/site/pack/packer/start/vim-vsnip-integ/autoload/vsnip_integ/detection.vim
272.657  002.132  001.945: sourcing /home/bee/.local/share/nvim/site/pack/packer/start/vim-vsnip-integ/after/plugin/vsnip_integ.vim
273.586  000.805  000.805: sourcing /home/bee/.local/share/nvim/site/pack/packer/start/cmp-buffer/after/plugin/cmp_buffer.lua
273.962  000.259  000.259: sourcing /home/bee/.local/share/nvim/site/pack/packer/start/cmp-calc/after/plugin/cmp_calc.lua
274.405  000.336  000.336: sourcing /home/bee/.local/share/nvim/site/pack/packer/start/cmp-cmdline/after/plugin/cmp_cmdline.lua
274.726  000.179  000.179: sourcing /home/bee/.local/share/nvim/site/pack/packer/start/cmp-emoji/after/plugin/cmp_emoji.lua
275.177  000.347  000.347: sourcing /home/bee/.local/share/nvim/site/pack/packer/start/cmp-look/after/plugin/cmp_look.lua
275.829  000.542  000.542: sourcing /home/bee/.local/share/nvim/site/pack/packer/start/cmp-nvim-lsp/after/plugin/cmp_nvim_lsp.lua
276.197  000.255  000.255: sourcing /home/bee/.local/share/nvim/site/pack/packer/start/cmp-nvim-lua/after/plugin/cmp_nvim_lua.lua
276.737  000.428  000.428: sourcing /home/bee/.local/share/nvim/site/pack/packer/start/cmp-path/after/plugin/cmp_path.lua
277.041  000.193  000.193: sourcing /home/bee/.local/share/nvim/site/pack/packer/start/cmp-spell/after/plugin/cmp-spell.lua
277.163  001.752: loading after plugins
277.187  000.024: inits 3
280.113  002.926: reading ShaDa
280.742  000.629: opening buffers
281.197  000.456: BufEnter autocommands
281.203  000.006: editing files in windows


times in msec
 clock   self+sourced   self:  sourced script
 clock   elapsed:              other lines

000.022  000.022: --- NVIM STARTING ---
000.974  000.952: locale set
003.227  002.253: inits 1
003.274  000.046: window checked
015.738  012.464: parsing arguments
016.338  000.600: expanding arguments
016.444  000.106: inits 2
018.255  001.811: init highlight
018.281  000.025: waiting for UI
022.167  003.886: done waiting for UI
022.293  000.126: init screen for UI
022.510  000.217: init default mappings
022.901  000.391: init default autocommands
023.166  000.055  000.055: sourcing /usr/share/nvim/archlinux.vim
023.186  000.173  000.117: sourcing /etc/xdg/nvim/sysinit.vim
040.830  017.564  017.564: sourcing /home/bee/.config/nvim/init.lua
040.863  000.225: sourcing vimrc file(s)
063.599  000.042  000.042: sourcing /home/bee/.local/share/nvim/site/pack/packer/start/nvim-treesitter/ftdetect/fusion.vim
063.686  000.040  000.040: sourcing /home/bee/.local/share/nvim/site/pack/packer/start/nvim-treesitter/ftdetect/gdresource.vim
063.750  000.027  000.027: sourcing /home/bee/.local/share/nvim/site/pack/packer/start/nvim-treesitter/ftdetect/gdscript.vim
063.808  000.022  000.022: sourcing /home/bee/.local/share/nvim/site/pack/packer/start/nvim-treesitter/ftdetect/glimmer.vim
063.874  000.028  000.028: sourcing /home/bee/.local/share/nvim/site/pack/packer/start/nvim-treesitter/ftdetect/glsl.vim
063.936  000.024  000.024: sourcing /home/bee/.local/share/nvim/site/pack/packer/start/nvim-treesitter/ftdetect/gowork.vim
064.016  000.042  000.042: sourcing /home/bee/.local/share/nvim/site/pack/packer/start/nvim-treesitter/ftdetect/graphql.vim
064.102  000.047  000.047: sourcing /home/bee/.local/share/nvim/site/pack/packer/start/nvim-treesitter/ftdetect/hack.vim
064.186  000.043  000.043: sourcing /home/bee/.local/share/nvim/site/pack/packer/start/nvim-treesitter/ftdetect/hcl.vim
064.252  000.027  000.027: sourcing /home/bee/.local/share/nvim/site/pack/packer/start/nvim-treesitter/ftdetect/heex.vim
064.314  000.023  000.023: sourcing /home/bee/.local/share/nvim/site/pack/packer/start/nvim-treesitter/ftdetect/hjson.vim
064.381  000.028  000.028: sourcing /home/bee/.local/share/nvim/site/pack/packer/start/nvim-treesitter/ftdetect/json5.vim
064.464  000.046  000.046: sourcing /home/bee/.local/share/nvim/site/pack/packer/start/nvim-treesitter/ftdetect/ledger.vim
064.528  000.025  000.025: sourcing /home/bee/.local/share/nvim/site/pack/packer/start/nvim-treesitter/ftdetect/nix.vim
064.661  000.095  000.095: sourcing /home/bee/.local/share/nvim/site/pack/packer/start/nvim-treesitter/ftdetect/prisma.vim
064.727  000.025  000.025: sourcing /home/bee/.local/share/nvim/site/pack/packer/start/nvim-treesitter/ftdetect/pug.vim
064.802  000.037  000.037: sourcing /home/bee/.local/share/nvim/site/pack/packer/start/nvim-treesitter/ftdetect/ql.vim
064.892  000.055  000.055: sourcing /home/bee/.local/share/nvim/site/pack/packer/start/nvim-treesitter/ftdetect/query.vim
064.964  000.032  000.032: sourcing /home/bee/.local/share/nvim/site/pack/packer/start/nvim-treesitter/ftdetect/surface.vim
065.028  000.029  000.029: sourcing /home/bee/.local/share/nvim/site/pack/packer/start/nvim-treesitter/ftdetect/teal.vim
065.089  000.024  000.024: sourcing /home/bee/.local/share/nvim/site/pack/packer/start/nvim-treesitter/ftdetect/tlaplus.vim
065.153  000.026  000.026: sourcing /home/bee/.local/share/nvim/site/pack/packer/start/nvim-treesitter/ftdetect/yang.vim
065.604  000.040  000.040: sourcing /usr/share/vim/vimfiles/ftdetect/conkyrc.vim
065.691  000.050  000.050: sourcing /usr/share/vim/vimfiles/ftdetect/meson.vim
067.104  000.077  000.077: sourcing /home/bee/.local/share/nvim/site/pack/packer/start/nvim-treesitter/autoload/nvim_treesitter.vim
074.591  033.176  032.222: sourcing /usr/share/nvim/runtime/filetype.vim
074.994  000.066  000.066: sourcing /usr/share/nvim/runtime/ftplugin.vim
075.490  000.085  000.085: sourcing /usr/share/nvim/runtime/indent.vim
076.189  000.228  000.228: sourcing /usr/share/nvim/runtime/syntax/synload.vim
076.389  000.769  000.541: sourcing /usr/share/nvim/runtime/syntax/syntax.vim
078.906  000.599  000.599: sourcing /usr/share/nvim/runtime/plugin/gzip.vim
078.979  000.030  000.030: sourcing /usr/share/nvim/runtime/plugin/health.vim
079.325  000.299  000.299: sourcing /usr/share/nvim/runtime/plugin/man.vim
080.295  000.496  000.496: sourcing /usr/share/nvim/runtime/pack/dist/opt/matchit/plugin/matchit.vim
080.499  001.135  000.638: sourcing /usr/share/nvim/runtime/plugin/matchit.vim
080.790  000.251  000.251: sourcing /usr/share/nvim/runtime/plugin/matchparen.vim
081.553  000.733  000.733: sourcing /usr/share/nvim/runtime/plugin/netrwPlugin.vim
081.821  000.017  000.017: sourcing /home/bee/.local/share/nvim/rplugin.vim
081.832  000.229  000.212: sourcing /usr/share/nvim/runtime/plugin/rplugin.vim
082.024  000.160  000.160: sourcing /usr/share/nvim/runtime/plugin/shada.vim
082.118  000.037  000.037: sourcing /usr/share/nvim/runtime/plugin/spellfile.vim
082.372  000.220  000.220: sourcing /usr/share/nvim/runtime/plugin/tarPlugin.vim
082.555  000.132  000.132: sourcing /usr/share/nvim/runtime/plugin/tohtml.vim
082.617  000.026  000.026: sourcing /usr/share/nvim/runtime/plugin/tutor.vim
082.915  000.269  000.269: sourcing /usr/share/nvim/runtime/plugin/zipPlugin.vim
264.001  180.944  180.944: sourcing /home/bee/.config/nvim/plugin/packer_compiled.lua
264.511  004.489: loading rtp plugins
265.368  000.138  000.138: sourcing /home/bee/.local/share/nvim/site/pack/packer/start/bufdelete.nvim/plugin/bufdelete.vim
266.549  000.616  000.616: sourcing /home/bee/.local/share/nvim/site/pack/packer/start/indent-blankline.nvim/plugin/indent_blankline.vim
268.342  001.414  001.414: sourcing /home/bee/.local/share/nvim/site/pack/packer/start/nvim-cmp/plugin/cmp.lua
268.539  000.059  000.059: sourcing /home/bee/.local/share/nvim/site/pack/packer/start/nvim-colorizer.lua/plugin/colorizer.vim
268.867  000.105  000.105: sourcing /home/bee/.local/share/nvim/site/pack/packer/start/nvim-lspconfig/plugin/lspconfig.vim
269.970  000.909  000.909: sourcing /home/bee/.local/share/nvim/site/pack/packer/start/nvim-treesitter/plugin/nvim-treesitter.vim
270.273  000.061  000.061: sourcing /home/bee/.local/share/nvim/site/pack/packer/start/nvim-web-devicons/plugin/nvim-web-devicons.vim
270.529  000.059  000.059: sourcing /home/bee/.local/share/nvim/site/pack/packer/start/plenary.nvim/plugin/plenary.vim
271.067  000.351  000.351: sourcing /home/bee/.local/share/nvim/site/pack/packer/start/rooter.nvim/plugin/rooter_nvim.lua
271.436  000.222  000.222: sourcing /home/bee/.local/share/nvim/site/pack/packer/start/telescope.nvim/plugin/telescope.vim
272.156  000.520  000.520: sourcing /home/bee/.local/share/nvim/site/pack/packer/start/vim-surround/plugin/surround.vim
273.676  000.344  000.344: sourcing /home/bee/.local/share/nvim/site/pack/packer/start/vim-vsnip/autoload/vital/vsnip.vim
274.188  000.108  000.108: sourcing /home/bee/.local/share/nvim/site/pack/packer/start/vim-vsnip/autoload/vital/_vsnip/VS/LSP/Position.vim
274.471  000.035  000.035: sourcing /home/bee/.local/share/nvim/site/pack/packer/start/vim-vsnip/autoload/vital/_vsnip.vim
274.894  001.800  001.314: sourcing /home/bee/.local/share/nvim/site/pack/packer/start/vim-vsnip/autoload/vsnip/snippet.vim
275.434  000.172  000.172: sourcing /home/bee/.local/share/nvim/site/pack/packer/start/vim-vsnip/autoload/vital/_vsnip/VS/LSP/TextEdit.vim
276.099  000.115  000.115: sourcing /home/bee/.local/share/nvim/site/pack/packer/start/vim-vsnip/autoload/vital/_vsnip/VS/LSP/Text.vim
276.761  000.166  000.166: sourcing /home/bee/.local/share/nvim/site/pack/packer/start/vim-vsnip/autoload/vital/_vsnip/VS/Vim/Buffer.vim
277.371  000.087  000.087: sourcing /home/bee/.local/share/nvim/site/pack/packer/start/vim-vsnip/autoload/vital/_vsnip/VS/Vim/Option.vim
278.094  000.193  000.193: sourcing /home/bee/.local/share/nvim/site/pack/packer/start/vim-vsnip/autoload/vital/_vsnip/VS/LSP/Diff.vim
278.378  005.517  002.984: sourcing /home/bee/.local/share/nvim/site/pack/packer/start/vim-vsnip/autoload/vsnip/session.vim
278.667  006.045  000.528: sourcing /home/bee/.local/share/nvim/site/pack/packer/start/vim-vsnip/autoload/vsnip.vim
279.373  007.040  000.995: sourcing /home/bee/.local/share/nvim/site/pack/packer/start/vim-vsnip/plugin/vsnip.vim
279.698  000.142  000.142: sourcing /home/bee/.local/share/nvim/site/pack/packer/start/vim-vsnip-integ/plugin/vsnip_integ.vim
279.888  003.741: loading packages
280.636  000.262  000.262: sourcing /home/bee/.local/share/nvim/site/pack/packer/start/cmp-vsnip/after/plugin/cmp_vsnip.vim
281.054  000.045  000.045: sourcing /home/bee/.local/share/nvim/site/pack/packer/start/vim-vsnip-integ/autoload/vsnip_integ/integration.vim
281.454  000.130  000.130: sourcing /home/bee/.local/share/nvim/site/pack/packer/start/vim-vsnip-integ/autoload/vsnip_integ/detection.vim
282.885  002.134  001.960: sourcing /home/bee/.local/share/nvim/site/pack/packer/start/vim-vsnip-integ/after/plugin/vsnip_integ.vim
283.756  000.756  000.756: sourcing /home/bee/.local/share/nvim/site/pack/packer/start/cmp-buffer/after/plugin/cmp_buffer.lua
284.112  000.246  000.246: sourcing /home/bee/.local/share/nvim/site/pack/packer/start/cmp-calc/after/plugin/cmp_calc.lua
284.600  000.382  000.382: sourcing /home/bee/.local/share/nvim/site/pack/packer/start/cmp-cmdline/after/plugin/cmp_cmdline.lua
284.935  000.175  000.175: sourcing /home/bee/.local/share/nvim/site/pack/packer/start/cmp-emoji/after/plugin/cmp_emoji.lua
285.381  000.340  000.340: sourcing /home/bee/.local/share/nvim/site/pack/packer/start/cmp-look/after/plugin/cmp_look.lua
285.996  000.508  000.508: sourcing /home/bee/.local/share/nvim/site/pack/packer/start/cmp-nvim-lsp/after/plugin/cmp_nvim_lsp.lua
286.353  000.244  000.244: sourcing /home/bee/.local/share/nvim/site/pack/packer/start/cmp-nvim-lua/after/plugin/cmp_nvim_lua.lua
286.855  000.392  000.392: sourcing /home/bee/.local/share/nvim/site/pack/packer/start/cmp-path/after/plugin/cmp_path.lua
287.153  000.188  000.188: sourcing /home/bee/.local/share/nvim/site/pack/packer/start/cmp-spell/after/plugin/cmp-spell.lua
287.274  001.757: loading after plugins
287.299  000.025: inits 3
290.282  002.983: reading ShaDa
291.012  000.730: opening buffers
291.423  000.411: BufEnter autocommands
291.428  000.006: editing files in windows
